c:\users\u5752303\desktop\games engineering\assignment\ge_chat_room\chat room\chat room\x64\debug\vc143.pdb
c:\users\u5752303\desktop\games engineering\assignment\ge_chat_room\chat room\chat room\x64\debug\vc143.idb
c:\users\u5752303\desktop\games engineering\assignment\ge_chat_room\chat room\chat room\x64\debug\main.obj
c:\users\u5752303\desktop\games engineering\assignment\ge_chat_room\chat room\chat room\x64\debug\imgui_widgets.obj
c:\users\u5752303\desktop\games engineering\assignment\ge_chat_room\chat room\chat room\x64\debug\imgui_tables.obj
c:\users\u5752303\desktop\games engineering\assignment\ge_chat_room\chat room\chat room\x64\debug\imgui_impl_win32.obj
c:\users\u5752303\desktop\games engineering\assignment\ge_chat_room\chat room\chat room\x64\debug\imgui_impl_dx11.obj
c:\users\u5752303\desktop\games engineering\assignment\ge_chat_room\chat room\chat room\x64\debug\imgui_draw.obj
c:\users\u5752303\desktop\games engineering\assignment\ge_chat_room\chat room\chat room\x64\debug\imgui_demo.obj
c:\users\u5752303\desktop\games engineering\assignment\ge_chat_room\chat room\chat room\x64\debug\imgui.obj
c:\users\u5752303\desktop\games engineering\assignment\ge_chat_room\chat room\chat room\x64\debug\chatwindow.obj
c:\users\u5752303\desktop\games engineering\assignment\ge_chat_room\chat room\chat room\x64\debug\net_protocol.h.ifc
c:\users\u5752303\desktop\games engineering\assignment\ge_chat_room\chat room\chat room\x64\debug\net_protocol.h.ifc.d.json
c:\users\u5752303\desktop\games engineering\assignment\ge_chat_room\chat room\chat room\x64\debug\net_protocol.h.obj
c:\users\u5752303\desktop\games engineering\assignment\ge_chat_room\chat room\chat room\x64\debug\net_protocol.h.module.json
c:\users\u5752303\desktop\games engineering\assignment\ge_chat_room\chat room\chat room\x64\debug\chat room.ilk
c:\users\u5752303\desktop\games engineering\assignment\ge_chat_room\chat room\x64\debug\chat room.pdb
c:\users\u5752303\desktop\games engineering\assignment\ge_chat_room\chat room\x64\debug\chat room.exe
c:\users\u5752303\desktop\games engineering\assignment\ge_chat_room\chat room\chat room\x64\debug\chat room.tlog\cl.command.1.tlog
c:\users\u5752303\desktop\games engineering\assignment\ge_chat_room\chat room\chat room\x64\debug\chat room.tlog\cl.items.tlog
c:\users\u5752303\desktop\games engineering\assignment\ge_chat_room\chat room\chat room\x64\debug\chat room.tlog\cl.read.1.tlog
c:\users\u5752303\desktop\games engineering\assignment\ge_chat_room\chat room\chat room\x64\debug\chat room.tlog\cl.write.1.tlog
c:\users\u5752303\desktop\games engineering\assignment\ge_chat_room\chat room\chat room\x64\debug\chat room.tlog\link.command.1.tlog
c:\users\u5752303\desktop\games engineering\assignment\ge_chat_room\chat room\chat room\x64\debug\chat room.tlog\link.read.1.tlog
c:\users\u5752303\desktop\games engineering\assignment\ge_chat_room\chat room\chat room\x64\debug\chat room.tlog\link.secondary.1.tlog
c:\users\u5752303\desktop\games engineering\assignment\ge_chat_room\chat room\chat room\x64\debug\chat room.tlog\link.write.1.tlog
c:\users\u5752303\desktop\games engineering\assignment\ge_chat_room\chat room\chat room\x64\debug\chat room_md.tlog\cl.command.1.tlog
c:\users\u5752303\desktop\games engineering\assignment\ge_chat_room\chat room\chat room\x64\debug\chat room_md.tlog\microsoft.build.cpptasks.cl.read.1.tlog
c:\users\u5752303\desktop\games engineering\assignment\ge_chat_room\chat room\chat room\x64\debug\chat room_md.tlog\microsoft.build.cpptasks.cl.write.1.tlog
